TN:
SF:src\server.ts
FN:35,(anonymous_10)
FN:42,(anonymous_11)
FN:45,(anonymous_12)
FN:50,(anonymous_13)
FN:54,(anonymous_14)
FN:56,(anonymous_15)
FN:59,(anonymous_16)
FN:71,(anonymous_17)
FN:79,(anonymous_18)
FN:97,(anonymous_19)
FN:117,(anonymous_20)
FN:118,(anonymous_21)
FN:127,(anonymous_22)
FN:134,(anonymous_23)
FN:137,(anonymous_24)
FN:144,(anonymous_25)
FN:163,(anonymous_26)
FN:183,(anonymous_27)
FN:239,(anonymous_28)
FN:256,(anonymous_29)
FN:259,(anonymous_30)
FN:266,(anonymous_31)
FN:284,(anonymous_32)
FN:311,(anonymous_33)
FN:328,(anonymous_34)
FN:356,(anonymous_35)
FN:380,(anonymous_36)
FN:390,(anonymous_37)
FN:397,(anonymous_38)
FN:436,(anonymous_39)
FN:470,(anonymous_40)
FN:484,(anonymous_41)
FN:489,(anonymous_42)
FN:496,(anonymous_43)
FN:515,(anonymous_44)
FN:535,(anonymous_45)
FN:555,(anonymous_46)
FN:560,(anonymous_47)
FNF:38
FNH:13
FNDA:7,(anonymous_10)
FNDA:7,(anonymous_11)
FNDA:0,(anonymous_12)
FNDA:16,(anonymous_13)
FNDA:0,(anonymous_14)
FNDA:0,(anonymous_15)
FNDA:15,(anonymous_16)
FNDA:1,(anonymous_17)
FNDA:0,(anonymous_18)
FNDA:0,(anonymous_19)
FNDA:7,(anonymous_20)
FNDA:7,(anonymous_21)
FNDA:0,(anonymous_22)
FNDA:0,(anonymous_23)
FNDA:0,(anonymous_24)
FNDA:0,(anonymous_25)
FNDA:0,(anonymous_26)
FNDA:0,(anonymous_27)
FNDA:0,(anonymous_28)
FNDA:0,(anonymous_29)
FNDA:0,(anonymous_30)
FNDA:4,(anonymous_31)
FNDA:0,(anonymous_32)
FNDA:0,(anonymous_33)
FNDA:0,(anonymous_34)
FNDA:0,(anonymous_35)
FNDA:0,(anonymous_36)
FNDA:0,(anonymous_37)
FNDA:0,(anonymous_38)
FNDA:3,(anonymous_39)
FNDA:2,(anonymous_40)
FNDA:3,(anonymous_41)
FNDA:4,(anonymous_42)
FNDA:2,(anonymous_43)
FNDA:0,(anonymous_44)
FNDA:0,(anonymous_45)
FNDA:0,(anonymous_46)
FNDA:0,(anonymous_47)
DA:1,1
DA:2,1
DA:3,1
DA:4,1
DA:6,1
DA:7,1
DA:8,1
DA:9,1
DA:10,1
DA:13,1
DA:16,1
DA:18,1
DA:19,1
DA:22,1
DA:23,1
DA:26,1
DA:27,1
DA:28,1
DA:35,1
DA:36,7
DA:37,7
DA:38,0
DA:42,1
DA:43,7
DA:44,7
DA:45,0
DA:50,16
DA:54,0
DA:56,0
DA:59,15
DA:63,7
DA:64,7
DA:66,0
DA:71,1
DA:72,1
DA:73,1
DA:74,0
DA:75,0
DA:78,0
DA:79,0
DA:81,0
DA:87,0
DA:88,0
DA:90,0
DA:96,0
DA:97,0
DA:98,0
DA:100,0
DA:104,0
DA:106,0
DA:112,0
DA:117,1
DA:118,7
DA:119,7
DA:124,1
DA:127,1
DA:128,0
DA:134,1
DA:135,0
DA:136,0
DA:137,0
DA:139,0
DA:144,1
DA:145,0
DA:146,0
DA:148,0
DA:149,0
DA:153,0
DA:154,0
DA:155,0
DA:156,0
DA:158,0
DA:163,1
DA:164,0
DA:165,0
DA:166,0
DA:168,0
DA:169,0
DA:173,0
DA:174,0
DA:175,0
DA:176,0
DA:178,0
DA:183,1
DA:184,0
DA:185,0
DA:186,0
DA:187,0
DA:189,0
DA:190,0
DA:193,0
DA:194,0
DA:196,0
DA:239,1
DA:240,0
DA:241,0
DA:242,0
DA:243,0
DA:245,0
DA:246,0
DA:249,0
DA:251,0
DA:256,1
DA:257,0
DA:258,0
DA:259,0
DA:261,0
DA:266,1
DA:267,4
DA:268,4
DA:270,4
DA:271,0
DA:274,4
DA:275,4
DA:276,4
DA:277,4
DA:279,0
DA:284,1
DA:285,0
DA:286,0
DA:287,0
DA:289,0
DA:290,0
DA:293,0
DA:294,0
DA:295,0
DA:299,0
DA:300,0
DA:301,0
DA:303,0
DA:304,0
DA:306,0
DA:311,1
DA:312,0
DA:313,0
DA:314,0
DA:316,0
DA:317,0
DA:320,0
DA:321,0
DA:323,0
DA:328,1
DA:329,0
DA:330,0
DA:331,0
DA:333,0
DA:334,0
DA:337,0
DA:338,0
DA:339,0
DA:342,0
DA:343,0
DA:344,0
DA:347,0
DA:348,0
DA:349,0
DA:351,0
DA:356,1
DA:357,0
DA:358,0
DA:360,0
DA:361,0
DA:362,0
DA:365,0
DA:366,0
DA:368,0
DA:369,0
DA:372,0
DA:373,0
DA:375,0
DA:380,1
DA:381,0
DA:382,0
DA:384,0
DA:385,0
DA:386,0
DA:389,0
DA:390,0
DA:392,0
DA:397,1
DA:398,0
DA:399,0
DA:400,0
DA:402,0
DA:403,0
DA:406,0
DA:407,0
DA:408,0
DA:411,0
DA:412,0
DA:413,0
DA:414,0
DA:417,0
DA:419,0
DA:422,0
DA:423,0
DA:425,0
DA:428,0
DA:429,0
DA:431,0
DA:436,1
DA:437,3
DA:438,3
DA:440,3
DA:441,3
DA:442,1
DA:445,2
DA:446,2
DA:447,1
DA:451,1
DA:452,1
DA:453,0
DA:459,1
DA:460,1
DA:461,0
DA:468,1
DA:470,2
DA:472,1
DA:473,1
DA:478,0
DA:484,1
DA:485,3
DA:486,3
DA:487,3
DA:488,3
DA:489,4
DA:491,0
DA:496,1
DA:497,2
DA:498,2
DA:499,2
DA:500,2
DA:502,2
DA:503,2
DA:505,2
DA:506,2
DA:507,2
DA:508,2
DA:510,0
DA:515,1
DA:516,0
DA:517,0
DA:518,0
DA:519,0
DA:520,0
DA:522,0
DA:523,0
DA:524,0
DA:525,0
DA:527,0
DA:530,0
DA:535,1
DA:536,0
DA:537,0
DA:538,0
DA:539,0
DA:541,0
DA:542,0
DA:544,0
DA:545,0
DA:547,0
DA:555,1
DA:556,0
DA:559,1
DA:560,0
DA:561,0
DA:565,1
LF:267
LH:95
BRDA:28,0,0,0
BRDA:28,0,1,1
BRDA:30,1,0,1
BRDA:30,1,1,0
BRDA:37,2,0,0
BRDA:73,3,0,0
BRDA:78,4,0,0
BRDA:78,5,0,0
BRDA:78,5,1,0
BRDA:96,6,0,0
BRDA:96,7,0,0
BRDA:96,7,1,0
BRDA:148,8,0,0
BRDA:148,9,0,0
BRDA:148,9,1,0
BRDA:148,9,2,0
BRDA:168,10,0,0
BRDA:168,11,0,0
BRDA:168,11,1,0
BRDA:189,12,0,0
BRDA:245,13,0,0
BRDA:270,14,0,0
BRDA:270,15,0,4
BRDA:270,15,1,4
BRDA:270,15,2,4
BRDA:289,16,0,0
BRDA:289,17,0,0
BRDA:289,17,1,0
BRDA:289,17,2,0
BRDA:294,18,0,0
BRDA:316,19,0,0
BRDA:333,20,0,0
BRDA:338,21,0,0
BRDA:343,22,0,0
BRDA:361,23,0,0
BRDA:368,24,0,0
BRDA:385,25,0,0
BRDA:402,26,0,0
BRDA:407,27,0,0
BRDA:413,28,0,0
BRDA:417,29,0,0
BRDA:417,29,1,0
BRDA:417,30,0,0
BRDA:417,30,1,0
BRDA:417,30,2,0
BRDA:422,31,0,0
BRDA:441,32,0,1
BRDA:446,33,0,1
BRDA:452,34,0,0
BRDA:452,35,0,1
BRDA:452,35,1,1
BRDA:460,36,0,0
BRDA:460,37,0,1
BRDA:460,37,1,1
BRDA:488,38,0,0
BRDA:500,39,0,0
BRDA:500,40,0,2
BRDA:500,40,1,2
BRDA:503,41,0,0
BRDA:520,42,0,0
BRDA:539,43,0,0
BRDA:542,44,0,0
BRDA:559,45,0,0
BRF:63
BRH:13
end_of_record
TN:
SF:src\models\Class.ts
FN:18,(anonymous_0)
FN:33,(anonymous_1)
FN:37,(anonymous_2)
FN:41,(anonymous_3)
FN:45,(anonymous_4)
FN:49,(anonymous_5)
FN:54,(anonymous_6)
FN:59,(anonymous_7)
FN:63,(anonymous_8)
FN:67,(anonymous_9)
FN:72,(anonymous_10)
FN:84,(anonymous_11)
FN:85,(anonymous_12)
FN:97,(anonymous_13)
FN:98,(anonymous_14)
FN:104,(anonymous_15)
FN:105,(anonymous_16)
FN:109,(anonymous_17)
FN:110,(anonymous_18)
FN:114,(anonymous_19)
FN:122,(anonymous_20)
FN:123,(anonymous_21)
FN:126,(anonymous_22)
FN:134,(anonymous_23)
FN:135,(anonymous_24)
FN:142,(anonymous_25)
FN:148,(anonymous_26)
FN:149,(anonymous_27)
FN:154,(anonymous_28)
FN:156,(anonymous_29)
FN:157,(anonymous_30)
FN:166,(anonymous_31)
FNF:32
FNH:11
FNDA:4,(anonymous_0)
FNDA:16,(anonymous_1)
FNDA:16,(anonymous_2)
FNDA:16,(anonymous_3)
FNDA:16,(anonymous_4)
FNDA:21,(anonymous_5)
FNDA:35,(anonymous_6)
FNDA:0,(anonymous_7)
FNDA:0,(anonymous_8)
FNDA:0,(anonymous_9)
FNDA:0,(anonymous_10)
FNDA:0,(anonymous_11)
FNDA:0,(anonymous_12)
FNDA:0,(anonymous_13)
FNDA:0,(anonymous_14)
FNDA:0,(anonymous_15)
FNDA:0,(anonymous_16)
FNDA:1,(anonymous_17)
FNDA:2,(anonymous_18)
FNDA:4,(anonymous_19)
FNDA:0,(anonymous_20)
FNDA:0,(anonymous_21)
FNDA:0,(anonymous_22)
FNDA:0,(anonymous_23)
FNDA:0,(anonymous_24)
FNDA:4,(anonymous_25)
FNDA:0,(anonymous_26)
FNDA:0,(anonymous_27)
FNDA:0,(anonymous_28)
FNDA:0,(anonymous_29)
FNDA:0,(anonymous_30)
FNDA:0,(anonymous_31)
DA:2,1
DA:3,1
DA:11,1
DA:25,4
DA:26,4
DA:27,4
DA:28,4
DA:29,4
DA:34,16
DA:38,16
DA:42,16
DA:46,16
DA:50,21
DA:55,35
DA:60,0
DA:64,0
DA:68,0
DA:74,0
DA:75,0
DA:76,0
DA:79,0
DA:80,0
DA:81,0
DA:85,0
DA:86,0
DA:89,0
DA:90,0
DA:93,0
DA:94,0
DA:98,0
DA:99,0
DA:105,0
DA:110,2
DA:118,4
DA:119,4
DA:123,0
DA:127,0
DA:128,0
DA:129,0
DA:130,0
DA:131,0
DA:135,0
DA:136,0
DA:137,0
DA:138,0
DA:143,4
DA:148,0
DA:149,0
DA:155,0
DA:157,0
DA:158,0
DA:159,0
DA:161,0
DA:165,0
DA:166,0
DA:169,0
LF:56
LH:18
BRDA:22,0,0,4
BRDA:23,1,0,4
BRDA:75,2,0,0
BRDA:89,3,0,0
BRDA:128,4,0,0
BRDA:129,5,0,0
BRDA:130,6,0,0
BRDA:136,7,0,0
BRDA:155,8,0,0
BRDA:155,8,1,0
BRDA:158,9,0,0
BRDA:165,10,0,0
BRDA:165,10,1,0
BRF:13
BRH:2
end_of_record
TN:
SF:src\models\Classes.ts
FN:7,(anonymous_0)
FN:12,(anonymous_1)
FN:23,(anonymous_2)
FN:24,(anonymous_3)
FN:35,(anonymous_4)
FN:52,(anonymous_5)
FN:59,(anonymous_6)
FN:70,(anonymous_7)
FN:85,(anonymous_8)
FN:86,(anonymous_9)
FN:90,(anonymous_10)
FN:95,(anonymous_11)
FN:100,(anonymous_12)
FN:101,(anonymous_13)
FN:105,(anonymous_14)
FN:106,(anonymous_15)
FN:110,(anonymous_16)
FN:114,(anonymous_17)
FN:115,(anonymous_18)
FNF:19
FNH:5
FNDA:1,(anonymous_0)
FNDA:4,(anonymous_1)
FNDA:0,(anonymous_2)
FNDA:0,(anonymous_3)
FNDA:0,(anonymous_4)
FNDA:0,(anonymous_5)
FNDA:0,(anonymous_6)
FNDA:0,(anonymous_7)
FNDA:14,(anonymous_8)
FNDA:27,(anonymous_9)
FNDA:7,(anonymous_10)
FNDA:0,(anonymous_11)
FNDA:0,(anonymous_12)
FNDA:0,(anonymous_13)
FNDA:0,(anonymous_14)
FNDA:0,(anonymous_15)
FNDA:0,(anonymous_16)
FNDA:0,(anonymous_17)
FNDA:0,(anonymous_18)
DA:4,1
DA:5,1
DA:14,4
DA:15,0
DA:18,4
DA:19,4
DA:24,0
DA:26,0
DA:27,0
DA:30,0
DA:31,0
DA:36,0
DA:38,0
DA:39,0
DA:43,0
DA:44,0
DA:45,0
DA:48,0
DA:49,0
DA:52,0
DA:53,0
DA:54,0
DA:56,0
DA:58,0
DA:59,0
DA:60,0
DA:64,0
DA:65,0
DA:66,0
DA:67,0
DA:69,0
DA:70,0
DA:71,0
DA:76,0
DA:81,0
DA:86,27
DA:91,7
DA:96,0
DA:101,0
DA:106,0
DA:111,0
DA:112,0
DA:114,0
DA:115,0
DA:116,0
DA:117,0
DA:118,0
DA:123,0
LF:48
LH:7
BRDA:14,0,0,0
BRDA:26,1,0,0
BRDA:38,2,0,0
BRDA:56,3,0,0
BRDA:56,3,1,0
BRDA:67,4,0,0
BRDA:116,5,0,0
BRF:7
BRH:0
end_of_record
TN:
SF:src\models\Enrollment.ts
FN:13,(anonymous_0)
FN:22,(anonymous_1)
FN:27,(anonymous_2)
FN:32,(anonymous_3)
FN:37,(anonymous_4)
FN:42,(anonymous_5)
FN:47,(anonymous_6)
FN:52,(anonymous_7)
FN:57,(anonymous_8)
FN:62,(anonymous_9)
FN:63,(anonymous_10)
FN:72,(anonymous_11)
FN:73,(anonymous_12)
FN:82,(anonymous_13)
FN:83,(anonymous_14)
FN:87,(anonymous_15)
FN:90,(anonymous_16)
FN:95,(anonymous_17)
FN:97,(anonymous_18)
FNF:19
FNH:0
FNDA:0,(anonymous_0)
FNDA:0,(anonymous_1)
FNDA:0,(anonymous_2)
FNDA:0,(anonymous_3)
FNDA:0,(anonymous_4)
FNDA:0,(anonymous_5)
FNDA:0,(anonymous_6)
FNDA:0,(anonymous_7)
FNDA:0,(anonymous_8)
FNDA:0,(anonymous_9)
FNDA:0,(anonymous_10)
FNDA:0,(anonymous_11)
FNDA:0,(anonymous_12)
FNDA:0,(anonymous_13)
FNDA:0,(anonymous_14)
FNDA:0,(anonymous_15)
FNDA:0,(anonymous_16)
FNDA:0,(anonymous_17)
FNDA:0,(anonymous_18)
DA:2,1
DA:4,1
DA:14,0
DA:15,0
DA:16,0
DA:17,0
DA:18,0
DA:23,0
DA:28,0
DA:33,0
DA:38,0
DA:43,0
DA:48,0
DA:53,0
DA:58,0
DA:63,0
DA:64,0
DA:65,0
DA:67,0
DA:73,0
DA:74,0
DA:75,0
DA:76,0
DA:78,0
DA:83,0
DA:88,0
DA:90,0
DA:96,0
DA:97,0
DA:100,0
LF:30
LH:2
BRDA:13,0,0,0
BRDA:13,1,0,0
BRDA:13,2,0,0
BRDA:13,3,0,0
BRDA:64,4,0,0
BRDA:64,4,1,0
BRDA:74,5,0,0
BRDA:96,6,0,0
BRDA:96,6,1,0
BRF:9
BRH:0
end_of_record
TN:
SF:src\models\Evaluation.ts
FN:7,(anonymous_0)
FN:12,(anonymous_1)
FN:16,(anonymous_2)
FN:20,(anonymous_3)
FN:24,(anonymous_4)
FN:32,(anonymous_5)
FNF:6
FNH:0
FNDA:0,(anonymous_0)
FNDA:0,(anonymous_1)
FNDA:0,(anonymous_2)
FNDA:0,(anonymous_3)
FNDA:0,(anonymous_4)
FNDA:0,(anonymous_5)
DA:3,1
DA:8,0
DA:9,0
DA:13,0
DA:17,0
DA:21,0
DA:25,0
DA:33,0
DA:38,1
LF:9
LH:2
BRF:0
BRH:0
end_of_record
TN:
SF:src\models\Goal.ts
FN:9,(anonymous_0)
FN:17,(anonymous_1)
FN:21,(anonymous_2)
FN:25,(anonymous_3)
FN:29,(anonymous_4)
FN:33,(anonymous_5)
FN:37,(anonymous_6)
FN:41,(anonymous_7)
FN:47,(anonymous_8)
FN:56,(anonymous_9)
FNF:10
FNH:7
FNDA:6,(anonymous_0)
FNDA:2,(anonymous_1)
FNDA:2,(anonymous_2)
FNDA:2,(anonymous_3)
FNDA:2,(anonymous_4)
FNDA:0,(anonymous_5)
FNDA:0,(anonymous_6)
FNDA:3,(anonymous_7)
FNDA:21,(anonymous_8)
FNDA:0,(anonymous_9)
DA:1,2
DA:3,2
DA:11,6
DA:12,6
DA:13,6
DA:14,6
DA:18,2
DA:22,2
DA:26,2
DA:30,2
DA:34,0
DA:38,0
DA:44,3
DA:48,21
DA:57,0
LF:15
LH:12
BRDA:11,0,0,6
BRDA:11,0,1,6
BRDA:14,1,0,6
BRDA:14,1,1,3
BRDA:61,2,0,0
BRDA:61,2,1,0
BRF:6
BRH:4
end_of_record
TN:
SF:src\models\Student.ts
FN:4,(anonymous_0)
FN:14,(anonymous_1)
FN:18,(anonymous_2)
FN:24,(anonymous_3)
FN:32,(anonymous_4)
FN:37,(anonymous_5)
FN:42,(anonymous_6)
FNF:7
FNH:0
FNDA:0,(anonymous_0)
FNDA:0,(anonymous_1)
FNDA:0,(anonymous_2)
FNDA:0,(anonymous_3)
FNDA:0,(anonymous_4)
FNDA:0,(anonymous_5)
FNDA:0,(anonymous_6)
DA:3,1
DA:5,0
DA:6,0
DA:7,0
DA:9,0
DA:10,0
DA:11,0
DA:15,0
DA:19,0
DA:20,0
DA:25,0
DA:26,0
DA:27,0
DA:33,0
DA:38,0
DA:43,0
LF:16
LH:1
BRDA:19,0,0,0
BRDA:19,1,0,0
BRDA:19,1,1,0
BRDA:26,2,0,0
BRF:4
BRH:0
end_of_record
TN:
SF:src\models\StudentSet.ts
FN:6,(anonymous_0)
FN:11,(anonymous_1)
FN:22,(anonymous_2)
FN:23,(anonymous_3)
FN:34,(anonymous_4)
FN:50,(anonymous_5)
FN:51,(anonymous_6)
FN:55,(anonymous_7)
FN:60,(anonymous_8)
FNF:9
FNH:2
FNDA:1,(anonymous_0)
FNDA:0,(anonymous_1)
FNDA:0,(anonymous_2)
FNDA:0,(anonymous_3)
FNDA:0,(anonymous_4)
FNDA:0,(anonymous_5)
FNDA:0,(anonymous_6)
FNDA:7,(anonymous_7)
FNDA:0,(anonymous_8)
DA:3,1
DA:4,1
DA:13,0
DA:14,0
DA:17,0
DA:18,0
DA:23,0
DA:25,0
DA:26,0
DA:29,0
DA:30,0
DA:36,0
DA:38,0
DA:39,0
DA:43,0
DA:44,0
DA:48,0
DA:51,0
DA:56,7
DA:61,0
LF:20
LH:3
BRDA:13,0,0,0
BRDA:25,1,0,0
BRDA:38,2,0,0
BRF:3
BRH:0
end_of_record
